DEBUG:charset_normalizer:Encoding detection: ascii is most likely the one.
DEBUG:charset_normalizer:Encoding detection: ascii is most likely the one.
DEBUG:visited:https://cs.jhu.edu/~yarowsky/
DEBUG:extracted:('https://cs.jhu.edu/~yarowsky/', 'ADDRESS', 'Baltimore, MD 21218')
DEBUG:extracted:('https://cs.jhu.edu/~yarowsky/', 'EMAIL', 'yarowsky@jhu.edu')
DEBUG:charset_normalizer:Encoding detection: ascii is most likely the one.
DEBUG:visited:http://www.cs.jhu.edu
DEBUG:extracted:('http://www.cs.jhu.edu', 'EMAIL', 'contactus@cs.jhu.edu')
DEBUG:extracted:('http://www.cs.jhu.edu', 'EMAIL', 'contactus@cs.jhu.edu')
DEBUG:visited:http://www.cs.jhu.edu/~yarowsky/sigdat.html
DEBUG:charset_normalizer:Encoding detection: ascii is most likely the one.
DEBUG:visited:http://www.cs.jhu.edu/~yarowsky/pubs.html
DEBUG:charset_normalizer:Encoding detection: ascii is most likely the one.
DEBUG:visited:http://www.cs.jhu.edu/~yarowsky/cs466.html
DEBUG:charset_normalizer:Encoding detection: ascii is most likely the one.
DEBUG:visited:http://www.cs.jhu.edu/~yarowsky/cs415.html
DEBUG:charset_normalizer:Encoding detection: ascii is most likely the one.
DEBUG:visited:http://www.cs.jhu.edu#skip_content
DEBUG:extracted:('http://www.cs.jhu.edu#skip_content', 'EMAIL', 'contactus@cs.jhu.edu')
DEBUG:extracted:('http://www.cs.jhu.edu#skip_content', 'EMAIL', 'contactus@cs.jhu.edu')
DEBUG:visited:http://www.cs.jhu.edu#alert
DEBUG:extracted:('http://www.cs.jhu.edu#alert', 'EMAIL', 'contactus@cs.jhu.edu')
DEBUG:extracted:('http://www.cs.jhu.edu#alert', 'EMAIL', 'contactus@cs.jhu.edu')
DEBUG:visited:https://www.cs.jhu.edu/it-support/
DEBUG:extracted:('https://www.cs.jhu.edu/it-support/', 'PHONE', '410-516-6281')
DEBUG:extracted:('https://www.cs.jhu.edu/it-support/', 'PHONE', '410-516-6259')
DEBUG:extracted:('https://www.cs.jhu.edu/it-support/', 'PHONE', '410-516-5249')
DEBUG:extracted:('https://www.cs.jhu.edu/it-support/', 'PHONE', '410-516-4898')
DEBUG:extracted:('https://www.cs.jhu.edu/it-support/', 'EMAIL', 'support@cs.jhu.edu')
DEBUG:extracted:('https://www.cs.jhu.edu/it-support/', 'EMAIL', 'support@cs.jhu.edu')
DEBUG:extracted:('https://www.cs.jhu.edu/it-support/', 'EMAIL', 'support@cs.jhu.edu')
DEBUG:extracted:('https://www.cs.jhu.edu/it-support/', 'EMAIL', 'steve410@cs.jhu.edu')
DEBUG:extracted:('https://www.cs.jhu.edu/it-support/', 'EMAIL', 'steve410@cs.jhu.edu')
DEBUG:extracted:('https://www.cs.jhu.edu/it-support/', 'EMAIL', 'support@cs.jhu.edu')
DEBUG:extracted:('https://www.cs.jhu.edu/it-support/', 'EMAIL', 'support@cs.jhu.edu')
DEBUG:extracted:('https://www.cs.jhu.edu/it-support/', 'EMAIL', 'steve@cs.jhu.edu')
DEBUG:extracted:('https://www.cs.jhu.edu/it-support/', 'EMAIL', 'steve@cs.jhu.edu')
DEBUG:extracted:('https://www.cs.jhu.edu/it-support/', 'EMAIL', 'support@cs.jhu.edu')
DEBUG:extracted:('https://www.cs.jhu.edu/it-support/', 'EMAIL', 'support@cs.jhu.edu')
DEBUG:extracted:('https://www.cs.jhu.edu/it-support/', 'EMAIL', 'phil@cs.jhu.edu')
DEBUG:extracted:('https://www.cs.jhu.edu/it-support/', 'EMAIL', 'phil@cs.jhu.edu')
DEBUG:extracted:('https://www.cs.jhu.edu/it-support/', 'EMAIL', 'support@cs.jhu.edu')
DEBUG:extracted:('https://www.cs.jhu.edu/it-support/', 'EMAIL', 'support@cs.jhu.edu')
DEBUG:extracted:('https://www.cs.jhu.edu/it-support/', 'EMAIL', 'cvenghaus@jhu.edu')
DEBUG:extracted:('https://www.cs.jhu.edu/it-support/', 'EMAIL', 'cvenghaus@jhu.edu')
DEBUG:extracted:('https://www.cs.jhu.edu/it-support/', 'EMAIL', 'support@cs.jhu.edu')
DEBUG:extracted:('https://www.cs.jhu.edu/it-support/', 'EMAIL', 'support@cs.jhu.edu')
DEBUG:extracted:('https://www.cs.jhu.edu/it-support/', 'EMAIL', 'contactus@cs.jhu.edu')
DEBUG:extracted:('https://www.cs.jhu.edu/it-support/', 'EMAIL', 'contactus@cs.jhu.edu')
DEBUG:visited:http://www.cs.jhu.edu#menu
DEBUG:extracted:('http://www.cs.jhu.edu#menu', 'EMAIL', 'contactus@cs.jhu.edu')
DEBUG:extracted:('http://www.cs.jhu.edu#menu', 'EMAIL', 'contactus@cs.jhu.edu')
DEBUG:visited:https://www.cs.jhu.edu/search/
DEBUG:extracted:('https://www.cs.jhu.edu/search/', 'EMAIL', 'contactus@cs.jhu.edu')
DEBUG:extracted:('https://www.cs.jhu.edu/search/', 'EMAIL', 'contactus@cs.jhu.edu')
DEBUG:visited:https://www.cs.jhu.edu/current-undergraduate-students/
DEBUG:extracted:('https://www.cs.jhu.edu/current-undergraduate-students/', 'PHONE', '410-516-4117')
DEBUG:extracted:('https://www.cs.jhu.edu/current-undergraduate-students/', 'PHONE', '410-516-8001')
DEBUG:extracted:('https://www.cs.jhu.edu/current-undergraduate-students/', 'PHONE', '410-516-7777')
DEBUG:extracted:('https://www.cs.jhu.edu/current-undergraduate-students/', 'EMAIL', 'advising@cs.jhu.edu')
DEBUG:extracted:('https://www.cs.jhu.edu/current-undergraduate-students/', 'EMAIL', 'advising@cs.jhu.edu')
DEBUG:extracted:('https://www.cs.jhu.edu/current-undergraduate-students/', 'EMAIL', 'joanne@cs.jhu.edu')
DEBUG:extracted:('https://www.cs.jhu.edu/current-undergraduate-students/', 'EMAIL', 'kculott1@jhu.edu')
DEBUG:extracted:('https://www.cs.jhu.edu/current-undergraduate-students/', 'EMAIL', 'rniles3@jhu.edu')
DEBUG:extracted:('https://www.cs.jhu.edu/current-undergraduate-students/', 'EMAIL', 'advising@cs.jhu.edu')
DEBUG:extracted:('https://www.cs.jhu.edu/current-undergraduate-students/', 'EMAIL', 'advising@cs.jhu.edu')
DEBUG:extracted:('https://www.cs.jhu.edu/current-undergraduate-students/', 'EMAIL', 'wseadvising@jhu.edu')
DEBUG:extracted:('https://www.cs.jhu.edu/current-undergraduate-students/', 'EMAIL', 'wseadvising@jhu.edu')
DEBUG:extracted:('https://www.cs.jhu.edu/current-undergraduate-students/', 'EMAIL', 'support@cs.jhu.edu')
DEBUG:extracted:('https://www.cs.jhu.edu/current-undergraduate-students/', 'EMAIL', 'support@cs.jhu.edu')
DEBUG:extracted:('https://www.cs.jhu.edu/current-undergraduate-students/', 'EMAIL', 'svazakas@jhu.edu')
DEBUG:extracted:('https://www.cs.jhu.edu/current-undergraduate-students/', 'EMAIL', 'joanne@cs.jhu.edu')
DEBUG:extracted:('https://www.cs.jhu.edu/current-undergraduate-students/', 'EMAIL', 'kculott1@jhu.edu')
DEBUG:extracted:('https://www.cs.jhu.edu/current-undergraduate-students/', 'EMAIL', 'advising@cs.jhu.edu')
DEBUG:extracted:('https://www.cs.jhu.edu/current-undergraduate-students/', 'EMAIL', 'advising@cs.jhu.edu')
DEBUG:extracted:('https://www.cs.jhu.edu/current-undergraduate-students/', 'EMAIL', 'advising@cs.jhu.edu')
DEBUG:extracted:('https://www.cs.jhu.edu/current-undergraduate-students/', 'EMAIL', 'contactus@cs.jhu.edu')
DEBUG:extracted:('https://www.cs.jhu.edu/current-undergraduate-students/', 'EMAIL', 'contactus@cs.jhu.edu')
DEBUG:visited:https://www.cs.jhu.edu/current-graduate-students/
DEBUG:extracted:('https://www.cs.jhu.edu/current-graduate-students/', 'PHONE', '410-516-7451')
DEBUG:extracted:('https://www.cs.jhu.edu/current-graduate-students/', 'PHONE', '410-516-4117')
DEBUG:extracted:('https://www.cs.jhu.edu/current-graduate-students/', 'PHONE', '410-516-7777')
DEBUG:extracted:('https://www.cs.jhu.edu/current-graduate-students/', 'EMAIL', 'kimfranklin@jhu.edu')
DEBUG:extracted:('https://www.cs.jhu.edu/current-graduate-students/', 'EMAIL', 'rniles3@jhu.edu')
DEBUG:extracted:('https://www.cs.jhu.edu/current-graduate-students/', 'EMAIL', 'joanne@cs.jhu.edu')
DEBUG:extracted:('https://www.cs.jhu.edu/current-graduate-students/', 'EMAIL', 'support@cs.jhu.edu')
DEBUG:extracted:('https://www.cs.jhu.edu/current-graduate-students/', 'EMAIL', 'support@cs.jhu.edu')
DEBUG:extracted:('https://www.cs.jhu.edu/current-graduate-students/', 'EMAIL', 'svazakas@jhu.edu')
DEBUG:extracted:('https://www.cs.jhu.edu/current-graduate-students/', 'EMAIL', 'etd-support@Jhu.edu')
DEBUG:extracted:('https://www.cs.jhu.edu/current-graduate-students/', 'EMAIL', 'etd-support@Jhu.edu')
DEBUG:extracted:('https://www.cs.jhu.edu/current-graduate-students/', 'EMAIL', 'rniles3@jhu.edu')
DEBUG:extracted:('https://www.cs.jhu.edu/current-graduate-students/', 'EMAIL', 'rniles3@jhu.edu')
DEBUG:extracted:('https://www.cs.jhu.edu/current-graduate-students/', 'EMAIL', 'ois@jhu.edu')
DEBUG:extracted:('https://www.cs.jhu.edu/current-graduate-students/', 'EMAIL', 'ois@jhu.edu')
DEBUG:extracted:('https://www.cs.jhu.edu/current-graduate-students/', 'EMAIL', 'contactus@cs.jhu.edu')
DEBUG:extracted:('https://www.cs.jhu.edu/current-graduate-students/', 'EMAIL', 'contactus@cs.jhu.edu')
DEBUG:visited:https://www.cs.jhu.edu
DEBUG:extracted:('https://www.cs.jhu.edu', 'EMAIL', 'contactus@cs.jhu.edu')
DEBUG:extracted:('https://www.cs.jhu.edu', 'EMAIL', 'contactus@cs.jhu.edu')
DEBUG:visited:https://www.cs.jhu.edu/about/
DEBUG:extracted:('https://www.cs.jhu.edu/about/', 'EMAIL', 'contactus@cs.jhu.edu')
DEBUG:extracted:('https://www.cs.jhu.edu/about/', 'EMAIL', 'contactus@cs.jhu.edu')
DEBUG:visited:https://www.cs.jhu.edu/about/message-from-dept-head/
DEBUG:extracted:('https://www.cs.jhu.edu/about/message-from-dept-head/', 'EMAIL', 'contactus@cs.jhu.edu')
DEBUG:extracted:('https://www.cs.jhu.edu/about/message-from-dept-head/', 'EMAIL', 'contactus@cs.jhu.edu')
DEBUG:visited:https://www.cs.jhu.edu/about/diversity-and-inclusion/
DEBUG:extracted:('https://www.cs.jhu.edu/about/diversity-and-inclusion/', 'EMAIL', 'diversityandinclusion@cs.jhu.edu')
DEBUG:extracted:('https://www.cs.jhu.edu/about/diversity-and-inclusion/', 'EMAIL', 'diversityandinclusion@cs.jhu.edu')
DEBUG:extracted:('https://www.cs.jhu.edu/about/diversity-and-inclusion/', 'EMAIL', 'contactus@cs.jhu.edu')
DEBUG:extracted:('https://www.cs.jhu.edu/about/diversity-and-inclusion/', 'EMAIL', 'contactus@cs.jhu.edu')
DEBUG:visited:https://www.cs.jhu.edu/about/employment-opportunities/
DEBUG:extracted:('https://www.cs.jhu.edu/about/employment-opportunities/', 'EMAIL', 'fsearch2022@cs.jhu.edu')
DEBUG:extracted:('https://www.cs.jhu.edu/about/employment-opportunities/', 'EMAIL', 'fsearch2022@cs.jhu.edu')
DEBUG:extracted:('https://www.cs.jhu.edu/about/employment-opportunities/', 'EMAIL', 'jason@cs.jhu.edu')
DEBUG:extracted:('https://www.cs.jhu.edu/about/employment-opportunities/', 'EMAIL', 'suchi.saria@gmail.com')
DEBUG:extracted:('https://www.cs.jhu.edu/about/employment-opportunities/', 'EMAIL', 'contactus@cs.jhu.edu')
DEBUG:extracted:('https://www.cs.jhu.edu/about/employment-opportunities/', 'EMAIL', 'contactus@cs.jhu.edu')
DEBUG:visited:https://www.cs.jhu.edu/academic-programs/
DEBUG:extracted:('https://www.cs.jhu.edu/academic-programs/', 'EMAIL', 'contactus@cs.jhu.edu')
DEBUG:extracted:('https://www.cs.jhu.edu/academic-programs/', 'EMAIL', 'contactus@cs.jhu.edu')
DEBUG:visited:https://www.cs.jhu.edu/academic-programs/undergraduate-studies/
DEBUG:extracted:('https://www.cs.jhu.edu/academic-programs/undergraduate-studies/', 'EMAIL', 'contactus@cs.jhu.edu')
DEBUG:extracted:('https://www.cs.jhu.edu/academic-programs/undergraduate-studies/', 'EMAIL', 'contactus@cs.jhu.edu')
DEBUG:visited:https://www.cs.jhu.edu/academic-programs/graduate-studies/
DEBUG:extracted:('https://www.cs.jhu.edu/academic-programs/graduate-studies/', 'PHONE', '410-516-7451')
DEBUG:extracted:('https://www.cs.jhu.edu/academic-programs/graduate-studies/', 'EMAIL', 'contactus@cs.jhu.edu')
DEBUG:extracted:('https://www.cs.jhu.edu/academic-programs/graduate-studies/', 'EMAIL', 'contactus@cs.jhu.edu')
DEBUG:visited:https://www.cs.jhu.edu/academic-programs/combined-bachelors-masters/
DEBUG:extracted:('https://www.cs.jhu.edu/academic-programs/combined-bachelors-masters/', 'EMAIL', 'rniles3@jhu.edu')
DEBUG:extracted:('https://www.cs.jhu.edu/academic-programs/combined-bachelors-masters/', 'EMAIL', 'contactus@cs.jhu.edu')
DEBUG:extracted:('https://www.cs.jhu.edu/academic-programs/combined-bachelors-masters/', 'EMAIL', 'contactus@cs.jhu.edu')
DEBUG:visited:https://www.cs.jhu.edu/academic-programs/program-enrollment-and-outcomes/
DEBUG:extracted:('https://www.cs.jhu.edu/academic-programs/program-enrollment-and-outcomes/', 'EMAIL', 'contactus@cs.jhu.edu')
DEBUG:extracted:('https://www.cs.jhu.edu/academic-programs/program-enrollment-and-outcomes/', 'EMAIL', 'contactus@cs.jhu.edu')
DEBUG:visited:https://www.cs.jhu.edu/academic-programs/academic-integrity-code/
DEBUG:extracted:('https://www.cs.jhu.edu/academic-programs/academic-integrity-code/', 'EMAIL', 'contactus@cs.jhu.edu')
DEBUG:extracted:('https://www.cs.jhu.edu/academic-programs/academic-integrity-code/', 'EMAIL', 'contactus@cs.jhu.edu')
DEBUG:visited:https://www.cs.jhu.edu/research/
DEBUG:extracted:('https://www.cs.jhu.edu/research/', 'EMAIL', 'contactus@cs.jhu.edu')
DEBUG:extracted:('https://www.cs.jhu.edu/research/', 'EMAIL', 'contactus@cs.jhu.edu')
DEBUG:visited:https://www.cs.jhu.edu/research/theory-programming-languages/
DEBUG:extracted:('https://www.cs.jhu.edu/research/theory-programming-languages/', 'EMAIL', 'mdinitz1@jhu.edu')
DEBUG:extracted:('https://www.cs.jhu.edu/research/theory-programming-languages/', 'EMAIL', 'mdinitz1@jhu.edu')
DEBUG:extracted:('https://www.cs.jhu.edu/research/theory-programming-languages/', 'EMAIL', 'abhishekjain@jhu.edu')
DEBUG:extracted:('https://www.cs.jhu.edu/research/theory-programming-languages/', 'EMAIL', 'abhishekjain@jhu.edu')
DEBUG:extracted:('https://www.cs.jhu.edu/research/theory-programming-languages/', 'EMAIL', 'skosara1@jhu.edu')
DEBUG:extracted:('https://www.cs.jhu.edu/research/theory-programming-languages/', 'EMAIL', 'skosara1@jhu.edu')
DEBUG:extracted:('https://www.cs.jhu.edu/research/theory-programming-languages/', 'EMAIL', 'xli113@jhu.edu')
DEBUG:extracted:('https://www.cs.jhu.edu/research/theory-programming-languages/', 'EMAIL', 'xli113@jhu.edu')
DEBUG:extracted:('https://www.cs.jhu.edu/research/theory-programming-languages/', 'EMAIL', 'scott@cs.jhu.edu')
DEBUG:extracted:('https://www.cs.jhu.edu/research/theory-programming-languages/', 'EMAIL', 'scott@cs.jhu.edu')
DEBUG:extracted:('https://www.cs.jhu.edu/research/theory-programming-languages/', 'EMAIL', 'contactus@cs.jhu.edu')
DEBUG:extracted:('https://www.cs.jhu.edu/research/theory-programming-languages/', 'EMAIL', 'contactus@cs.jhu.edu')
DEBUG:visited:https://www.cs.jhu.edu/research/systems/
DEBUG:extracted:('https://www.cs.jhu.edu/research/systems/', 'EMAIL', 'yairamir@jhu.edu')
DEBUG:extracted:('https://www.cs.jhu.edu/research/systems/', 'EMAIL', 'yairamir@jhu.edu')
DEBUG:extracted:('https://www.cs.jhu.edu/research/systems/', 'EMAIL', 'randal@cs.jhu.edu')
DEBUG:extracted:('https://www.cs.jhu.edu/research/systems/', 'EMAIL', 'randal@cs.jhu.edu')
DEBUG:extracted:('https://www.cs.jhu.edu/research/systems/', 'EMAIL', 'yinzhi.cao@jhu.edu')
DEBUG:extracted:('https://www.cs.jhu.edu/research/systems/', 'EMAIL', 'yinzhi.cao@jhu.edu')
DEBUG:extracted:('https://www.cs.jhu.edu/research/systems/', 'EMAIL', 'sghorba1@jhu.edu')
DEBUG:extracted:('https://www.cs.jhu.edu/research/systems/', 'EMAIL', 'sghorba1@jhu.edu')
DEBUG:extracted:('https://www.cs.jhu.edu/research/systems/', 'EMAIL', 'scott@cs.jhu.edu')
DEBUG:extracted:('https://www.cs.jhu.edu/research/systems/', 'EMAIL', 'scott@cs.jhu.edu')
DEBUG:extracted:('https://www.cs.jhu.edu/research/systems/', 'EMAIL', 'contactus@cs.jhu.edu')
DEBUG:extracted:('https://www.cs.jhu.edu/research/systems/', 'EMAIL', 'contactus@cs.jhu.edu')
DEBUG:visited:https://www.cs.jhu.edu/research/computational-biology-medicine/
DEBUG:extracted:('https://www.cs.jhu.edu/research/computational-biology-medicine/', 'EMAIL', 'blangme2@jhu.edu')
DEBUG:extracted:('https://www.cs.jhu.edu/research/computational-biology-medicine/', 'EMAIL', 'blangme2@jhu.edu')
DEBUG:extracted:('https://www.cs.jhu.edu/research/computational-biology-medicine/', 'EMAIL', 'salzberg@jhu.edu')
DEBUG:extracted:('https://www.cs.jhu.edu/research/computational-biology-medicine/', 'EMAIL', 'salzberg@jhu.edu')
DEBUG:extracted:('https://www.cs.jhu.edu/research/computational-biology-medicine/', 'EMAIL', 'ssaria1@jhu.edu')
DEBUG:extracted:('https://www.cs.jhu.edu/research/computational-biology-medicine/', 'EMAIL', 'ssaria1@jhu.edu')
DEBUG:extracted:('https://www.cs.jhu.edu/research/computational-biology-medicine/', 'EMAIL', 'mschatz@jhu.edu')
DEBUG:extracted:('https://www.cs.jhu.edu/research/computational-biology-medicine/', 'EMAIL', 'mschatz@jhu.edu')
DEBUG:extracted:('https://www.cs.jhu.edu/research/computational-biology-medicine/', 'EMAIL', 'mdredze@cs.jhu.edu')
DEBUG:extracted:('https://www.cs.jhu.edu/research/computational-biology-medicine/', 'EMAIL', 'mdredze@cs.jhu.edu')
DEBUG:extracted:('https://www.cs.jhu.edu/research/computational-biology-medicine/', 'EMAIL', 'mathias@jhu.edu')
DEBUG:extracted:('https://www.cs.jhu.edu/research/computational-biology-medicine/', 'EMAIL', 'mathias@jhu.edu')
DEBUG:extracted:('https://www.cs.jhu.edu/research/computational-biology-medicine/', 'EMAIL', 'contactus@cs.jhu.edu')
DEBUG:extracted:('https://www.cs.jhu.edu/research/computational-biology-medicine/', 'EMAIL', 'contactus@cs.jhu.edu')
DEBUG:visited:https://www.cs.jhu.edu/research/information-security/
DEBUG:extracted:('https://www.cs.jhu.edu/research/information-security/', 'EMAIL', 'yinzhi.cao@jhu.edu')
DEBUG:extracted:('https://www.cs.jhu.edu/research/information-security/', 'EMAIL', 'yinzhi.cao@jhu.edu')
DEBUG:extracted:('https://www.cs.jhu.edu/research/information-security/', 'EMAIL', 'AntonDahbura@jhu.edu')
DEBUG:extracted:('https://www.cs.jhu.edu/research/information-security/', 'EMAIL', 'AntonDahbura@jhu.edu')
DEBUG:extracted:('https://www.cs.jhu.edu/research/information-security/', 'EMAIL', 'abhishekjain@jhu.edu')
DEBUG:extracted:('https://www.cs.jhu.edu/research/information-security/', 'EMAIL', 'abhishekjain@jhu.edu')
DEBUG:extracted:('https://www.cs.jhu.edu/research/information-security/', 'EMAIL', 'rubin@jhu.edu')
DEBUG:extracted:('https://www.cs.jhu.edu/research/information-security/', 'EMAIL', 'rubin@jhu.edu')
DEBUG:extracted:('https://www.cs.jhu.edu/research/information-security/', 'EMAIL', 'shohenb2@jhu.edu')
DEBUG:extracted:('https://www.cs.jhu.edu/research/information-security/', 'EMAIL', 'shohenb2@jhu.edu')
DEBUG:extracted:('https://www.cs.jhu.edu/research/information-security/', 'EMAIL', 'mgreen@cs.jhu.edu')
DEBUG:extracted:('https://www.cs.jhu.edu/research/information-security/', 'EMAIL', 'mgreen@cs.jhu.edu')
DEBUG:extracted:('https://www.cs.jhu.edu/research/information-security/', 'EMAIL', 'contactus@cs.jhu.edu')
DEBUG:extracted:('https://www.cs.jhu.edu/research/information-security/', 'EMAIL', 'contactus@cs.jhu.edu')
DEBUG:visited:https://www.cs.jhu.edu/research/language-speech-processing/
DEBUG:extracted:('https://www.cs.jhu.edu/research/language-speech-processing/', 'EMAIL', 'mdredze@cs.jhu.edu')
DEBUG:extracted:('https://www.cs.jhu.edu/research/language-speech-processing/', 'EMAIL', 'mdredze@cs.jhu.edu')
DEBUG:extracted:('https://www.cs.jhu.edu/research/language-speech-processing/', 'EMAIL', 'kevinduh@cs.jhu.edu')
DEBUG:extracted:('https://www.cs.jhu.edu/research/language-speech-processing/', 'EMAIL', 'kevinduh@cs.jhu.edu')
DEBUG:extracted:('https://www.cs.jhu.edu/research/language-speech-processing/', 'EMAIL', 'eisner@jhu.edu')
DEBUG:extracted:('https://www.cs.jhu.edu/research/language-speech-processing/', 'EMAIL', 'eisner@jhu.edu')
DEBUG:extracted:('https://www.cs.jhu.edu/research/language-speech-processing/', 'EMAIL', 'afield6@jhu.edu')
DEBUG:extracted:('https://www.cs.jhu.edu/research/language-speech-processing/', 'EMAIL', 'afield6@jhu.edu')
DEBUG:extracted:('https://www.cs.jhu.edu/research/language-speech-processing/', 'EMAIL', 'danielk@jhu.edu')
DEBUG:extracted:('https://www.cs.jhu.edu/research/language-speech-processing/', 'EMAIL', 'danielk@jhu.edu')
DEBUG:extracted:('https://www.cs.jhu.edu/research/language-speech-processing/', 'EMAIL', 'phi@jhu.edu')
DEBUG:extracted:('https://www.cs.jhu.edu/research/language-speech-processing/', 'EMAIL', 'phi@jhu.edu')
DEBUG:extracted:('https://www.cs.jhu.edu/research/language-speech-processing/', 'EMAIL', 'vandurme@jhu.edu')
DEBUG:extracted:('https://www.cs.jhu.edu/research/language-speech-processing/', 'EMAIL', 'vandurme@jhu.edu')
DEBUG:extracted:('https://www.cs.jhu.edu/research/language-speech-processing/', 'EMAIL', 'ziang.xiao@jhu.edu')
DEBUG:extracted:('https://www.cs.jhu.edu/research/language-speech-processing/', 'EMAIL', 'ziang.xiao@jhu.edu')
DEBUG:extracted:('https://www.cs.jhu.edu/research/language-speech-processing/', 'EMAIL', 'yarowsky@cs.jhu.edu')
DEBUG:extracted:('https://www.cs.jhu.edu/research/language-speech-processing/', 'EMAIL', 'yarowsky@cs.jhu.edu')
DEBUG:extracted:('https://www.cs.jhu.edu/research/language-speech-processing/', 'EMAIL', 'ayuille1@jhu.edu')
DEBUG:extracted:('https://www.cs.jhu.edu/research/language-speech-processing/', 'EMAIL', 'ayuille1@jhu.edu')
DEBUG:extracted:('https://www.cs.jhu.edu/research/language-speech-processing/', 'EMAIL', 'contactus@cs.jhu.edu')
DEBUG:extracted:('https://www.cs.jhu.edu/research/language-speech-processing/', 'EMAIL', 'contactus@cs.jhu.edu')
DEBUG:visited:https://www.cs.jhu.edu/research/machine-learning-ai-and-data-science/
DEBUG:extracted:('https://www.cs.jhu.edu/research/machine-learning-ai-and-data-science/', 'EMAIL', 'rarora8@jhu.edu')
DEBUG:extracted:('https://www.cs.jhu.edu/research/machine-learning-ai-and-data-science/', 'EMAIL', 'rarora8@jhu.edu')
DEBUG:extracted:('https://www.cs.jhu.edu/research/machine-learning-ai-and-data-science/', 'EMAIL', 'randal@cs.jhu.edu')
DEBUG:extracted:('https://www.cs.jhu.edu/research/machine-learning-ai-and-data-science/', 'EMAIL', 'randal@cs.jhu.edu')
DEBUG:extracted:('https://www.cs.jhu.edu/research/machine-learning-ai-and-data-science/', 'EMAIL', 'mdredze@cs.jhu.edu')
DEBUG:extracted:('https://www.cs.jhu.edu/research/machine-learning-ai-and-data-science/', 'EMAIL', 'mdredze@cs.jhu.edu')
DEBUG:extracted:('https://www.cs.jhu.edu/research/machine-learning-ai-and-data-science/', 'EMAIL', 'kevinduh@cs.jhu.edu')
DEBUG:extracted:('https://www.cs.jhu.edu/research/machine-learning-ai-and-data-science/', 'EMAIL', 'kevinduh@cs.jhu.edu')
DEBUG:extracted:('https://www.cs.jhu.edu/research/machine-learning-ai-and-data-science/', 'EMAIL', 'eisner@jhu.edu')
DEBUG:extracted:('https://www.cs.jhu.edu/research/machine-learning-ai-and-data-science/', 'EMAIL', 'eisner@jhu.edu')
DEBUG:extracted:('https://www.cs.jhu.edu/research/machine-learning-ai-and-data-science/', 'EMAIL', 'danielk@jhu.edu')
DEBUG:extracted:('https://www.cs.jhu.edu/research/machine-learning-ai-and-data-science/', 'EMAIL', 'danielk@jhu.edu')
DEBUG:extracted:('https://www.cs.jhu.edu/research/machine-learning-ai-and-data-science/', 'EMAIL', 'ssaria1@jhu.edu')
DEBUG:extracted:('https://www.cs.jhu.edu/research/machine-learning-ai-and-data-science/', 'EMAIL', 'ssaria1@jhu.edu')
DEBUG:extracted:('https://www.cs.jhu.edu/research/machine-learning-ai-and-data-science/', 'EMAIL', 'ishpits1@jhu.edu')
DEBUG:extracted:('https://www.cs.jhu.edu/research/machine-learning-ai-and-data-science/', 'EMAIL', 'ishpits1@jhu.edu')
DEBUG:extracted:('https://www.cs.jhu.edu/research/machine-learning-ai-and-data-science/', 'EMAIL', 'szalay@jhu.edu')
DEBUG:extracted:('https://www.cs.jhu.edu/research/machine-learning-ai-and-data-science/', 'EMAIL', 'szalay@jhu.edu')
DEBUG:extracted:('https://www.cs.jhu.edu/research/machine-learning-ai-and-data-science/', 'EMAIL', 'vandurme@jhu.edu')
DEBUG:extracted:('https://www.cs.jhu.edu/research/machine-learning-ai-and-data-science/', 'EMAIL', 'vandurme@jhu.edu')
DEBUG:extracted:('https://www.cs.jhu.edu/research/machine-learning-ai-and-data-science/', 'EMAIL', 'mathias@jhu.edu')
DEBUG:extracted:('https://www.cs.jhu.edu/research/machine-learning-ai-and-data-science/', 'EMAIL', 'mathias@jhu.edu')
DEBUG:extracted:('https://www.cs.jhu.edu/research/machine-learning-ai-and-data-science/', 'EMAIL', 'ayuille1@jhu.edu')
DEBUG:extracted:('https://www.cs.jhu.edu/research/machine-learning-ai-and-data-science/', 'EMAIL', 'ayuille1@jhu.edu')
DEBUG:extracted:('https://www.cs.jhu.edu/research/machine-learning-ai-and-data-science/', 'EMAIL', 'contactus@cs.jhu.edu')
DEBUG:extracted:('https://www.cs.jhu.edu/research/machine-learning-ai-and-data-science/', 'EMAIL', 'contactus@cs.jhu.edu')
DEBUG:visited:https://www.cs.jhu.edu/research/robotics-vision-graphics/
DEBUG:extracted:('https://www.cs.jhu.edu/research/robotics-vision-graphics/', 'PHONE', '410-516-2004')
DEBUG:extracted:('https://www.cs.jhu.edu/research/robotics-vision-graphics/', 'EMAIL', 'hager@jhu.edu')
DEBUG:extracted:('https://www.cs.jhu.edu/research/robotics-vision-graphics/', 'EMAIL', 'hager@jhu.edu')
DEBUG:extracted:('https://www.cs.jhu.edu/research/robotics-vision-graphics/', 'EMAIL', 'chienming.huang@jhu.edu')
DEBUG:extracted:('https://www.cs.jhu.edu/research/robotics-vision-graphics/', 'EMAIL', 'chienming.huang@jhu.edu')
DEBUG:extracted:('https://www.cs.jhu.edu/research/robotics-vision-graphics/', 'EMAIL', 'mkazhda1@jhu.edu')
DEBUG:extracted:('https://www.cs.jhu.edu/research/robotics-vision-graphics/', 'EMAIL', 'mkazhda1@jhu.edu')
DEBUG:extracted:('https://www.cs.jhu.edu/research/robotics-vision-graphics/', 'EMAIL', 'nassir.navab@jhu.edu')
DEBUG:extracted:('https://www.cs.jhu.edu/research/robotics-vision-graphics/', 'EMAIL', 'nassir.navab@jhu.edu')
DEBUG:extracted:('https://www.cs.jhu.edu/research/robotics-vision-graphics/', 'EMAIL', 'rht@jhu.edu')
DEBUG:extracted:('https://www.cs.jhu.edu/research/robotics-vision-graphics/', 'EMAIL', 'rht@jhu.edu')
DEBUG:extracted:('https://www.cs.jhu.edu/research/robotics-vision-graphics/', 'EMAIL', 'ssaria1@jhu.edu')
DEBUG:extracted:('https://www.cs.jhu.edu/research/robotics-vision-graphics/', 'EMAIL', 'ssaria1@jhu.edu')
DEBUG:extracted:('https://www.cs.jhu.edu/research/robotics-vision-graphics/', 'EMAIL', 'pkaz@jhu.edu')
DEBUG:extracted:('https://www.cs.jhu.edu/research/robotics-vision-graphics/', 'EMAIL', 'pkaz@jhu.edu')
DEBUG:extracted:('https://www.cs.jhu.edu/research/robotics-vision-graphics/', 'EMAIL', 'contactus@cs.jhu.edu')
DEBUG:extracted:('https://www.cs.jhu.edu/research/robotics-vision-graphics/', 'EMAIL', 'contactus@cs.jhu.edu')
DEBUG:visited:https://www.cs.jhu.edu/people/
DEBUG:extracted:('https://www.cs.jhu.edu/people/', 'EMAIL', 'contactus@cs.jhu.edu')
DEBUG:extracted:('https://www.cs.jhu.edu/people/', 'EMAIL', 'contactus@cs.jhu.edu')
DEBUG:visited:https://www.cs.jhu.edu/faculty/
DEBUG:extracted:('https://www.cs.jhu.edu/faculty/', 'EMAIL', 'yairamir@jhu.edu')
DEBUG:extracted:('https://www.cs.jhu.edu/faculty/', 'EMAIL', 'yairamir@jhu.edu')
DEBUG:extracted:('https://www.cs.jhu.edu/faculty/', 'EMAIL', 'rarora8@jhu.edu')
DEBUG:extracted:('https://www.cs.jhu.edu/faculty/', 'EMAIL', 'rarora8@jhu.edu')
DEBUG:extracted:('https://www.cs.jhu.edu/faculty/', 'EMAIL', 'eazimi1@jhu.edu')
DEBUG:extracted:('https://www.cs.jhu.edu/faculty/', 'EMAIL', 'eazimi1@jhu.edu')
DEBUG:extracted:('https://www.cs.jhu.edu/faculty/', 'EMAIL', 'randal@cs.jhu.edu')
DEBUG:extracted:('https://www.cs.jhu.edu/faculty/', 'EMAIL', 'randal@cs.jhu.edu')
DEBUG:extracted:('https://www.cs.jhu.edu/faculty/', 'EMAIL', 'yinzhi.cao@jhu.edu')
DEBUG:extracted:('https://www.cs.jhu.edu/faculty/', 'EMAIL', 'yinzhi.cao@jhu.edu')
DEBUG:extracted:('https://www.cs.jhu.edu/faculty/', 'EMAIL', 'AntonDahbura@jhu.edu')
DEBUG:extracted:('https://www.cs.jhu.edu/faculty/', 'EMAIL', 'AntonDahbura@jhu.edu')
DEBUG:extracted:('https://www.cs.jhu.edu/faculty/', 'EMAIL', 'darvish@jhu.edu')
DEBUG:extracted:('https://www.cs.jhu.edu/faculty/', 'EMAIL', 'darvish@jhu.edu')
DEBUG:extracted:('https://www.cs.jhu.edu/faculty/', 'EMAIL', 'mdinitz1@jhu.edu')
DEBUG:extracted:('https://www.cs.jhu.edu/faculty/', 'EMAIL', 'mdinitz1@jhu.edu')
DEBUG:extracted:('https://www.cs.jhu.edu/faculty/', 'EMAIL', 'mdredze@cs.jhu.edu')
DEBUG:extracted:('https://www.cs.jhu.edu/faculty/', 'EMAIL', 'mdredze@cs.jhu.edu')
DEBUG:extracted:('https://www.cs.jhu.edu/faculty/', 'EMAIL', 'kevinduh@cs.jhu.edu')
DEBUG:extracted:('https://www.cs.jhu.edu/faculty/', 'EMAIL', 'kevinduh@cs.jhu.edu')
DEBUG:extracted:('https://www.cs.jhu.edu/faculty/', 'EMAIL', 'eisner@jhu.edu')
DEBUG:extracted:('https://www.cs.jhu.edu/faculty/', 'EMAIL', 'eisner@jhu.edu')
DEBUG:extracted:('https://www.cs.jhu.edu/faculty/', 'EMAIL', 'afield6@jhu.edu')
DEBUG:extracted:('https://www.cs.jhu.edu/faculty/', 'EMAIL', 'afield6@jhu.edu')
DEBUG:extracted:('https://www.cs.jhu.edu/faculty/', 'EMAIL', 'gagan@jhu.edu')
DEBUG:extracted:('https://www.cs.jhu.edu/faculty/', 'EMAIL', 'gagan@jhu.edu')
DEBUG:extracted:('https://www.cs.jhu.edu/faculty/', 'EMAIL', 'sghorba1@jhu.edu')
DEBUG:extracted:('https://www.cs.jhu.edu/faculty/', 'EMAIL', 'sghorba1@jhu.edu')
DEBUG:extracted:('https://www.cs.jhu.edu/faculty/', 'EMAIL', 'mgreen@cs.jhu.edu')
DEBUG:extracted:('https://www.cs.jhu.edu/faculty/', 'EMAIL', 'mgreen@cs.jhu.edu')
DEBUG:extracted:('https://www.cs.jhu.edu/faculty/', 'EMAIL', 'hager@jhu.edu')
DEBUG:extracted:('https://www.cs.jhu.edu/faculty/', 'EMAIL', 'hager@jhu.edu')
DEBUG:extracted:('https://www.cs.jhu.edu/faculty/', 'EMAIL', 'shohenb2@jhu.edu')
DEBUG:extracted:('https://www.cs.jhu.edu/faculty/', 'EMAIL', 'shohenb2@jhu.edu')
DEBUG:extracted:('https://www.cs.jhu.edu/faculty/', 'EMAIL', 'daveho@cs.jhu.edu')
DEBUG:extracted:('https://www.cs.jhu.edu/faculty/', 'EMAIL', 'daveho@cs.jhu.edu')
DEBUG:extracted:('https://www.cs.jhu.edu/faculty/', 'EMAIL', 'chienming.huang@jhu.edu')
DEBUG:extracted:('https://www.cs.jhu.edu/faculty/', 'EMAIL', 'chienming.huang@jhu.edu')
DEBUG:extracted:('https://www.cs.jhu.edu/faculty/', 'EMAIL', 'abhishekjain@jhu.edu')
DEBUG:extracted:('https://www.cs.jhu.edu/faculty/', 'EMAIL', 'abhishekjain@jhu.edu')
DEBUG:extracted:('https://www.cs.jhu.edu/faculty/', 'EMAIL', 'craigj@jhu.edu')
DEBUG:extracted:('https://www.cs.jhu.edu/faculty/', 'EMAIL', 'craigj@jhu.edu')
DEBUG:extracted:('https://www.cs.jhu.edu/faculty/', 'EMAIL', 'pkaz@jhu.edu')
DEBUG:extracted:('https://www.cs.jhu.edu/faculty/', 'EMAIL', 'pkaz@jhu.edu')
DEBUG:extracted:('https://www.cs.jhu.edu/faculty/', 'EMAIL', 'mkazhda1@jhu.edu')
DEBUG:extracted:('https://www.cs.jhu.edu/faculty/', 'EMAIL', 'mkazhda1@jhu.edu')
DEBUG:extracted:('https://www.cs.jhu.edu/faculty/', 'EMAIL', 'danielk@jhu.edu')
DEBUG:extracted:('https://www.cs.jhu.edu/faculty/', 'EMAIL', 'danielk@jhu.edu')
DEBUG:extracted:('https://www.cs.jhu.edu/faculty/', 'EMAIL', 'phi@jhu.edu')
DEBUG:extracted:('https://www.cs.jhu.edu/faculty/', 'EMAIL', 'phi@jhu.edu')
DEBUG:extracted:('https://www.cs.jhu.edu/faculty/', 'EMAIL', 'skosara1@jhu.edu')
DEBUG:extracted:('https://www.cs.jhu.edu/faculty/', 'EMAIL', 'skosara1@jhu.edu')
DEBUG:extracted:('https://www.cs.jhu.edu/faculty/', 'EMAIL', 'blangme2@jhu.edu')
DEBUG:extracted:('https://www.cs.jhu.edu/faculty/', 'EMAIL', 'blangme2@jhu.edu')
DEBUG:extracted:('https://www.cs.jhu.edu/faculty/', 'EMAIL', 'xyli@jhu.edu')
DEBUG:extracted:('https://www.cs.jhu.edu/faculty/', 'EMAIL', 'xyli@jhu.edu')
DEBUG:extracted:('https://www.cs.jhu.edu/faculty/', 'EMAIL', 'xli113@jhu.edu')
DEBUG:extracted:('https://www.cs.jhu.edu/faculty/', 'EMAIL', 'xli113@jhu.edu')
DEBUG:extracted:('https://www.cs.jhu.edu/faculty/', 'EMAIL', 'tom@cs.jhu.edu')
DEBUG:extracted:('https://www.cs.jhu.edu/faculty/', 'EMAIL', 'tom@cs.jhu.edu')
DEBUG:extracted:('https://www.cs.jhu.edu/faculty/', 'EMAIL', 'aliu@cs.jhu.edu')
DEBUG:extracted:('https://www.cs.jhu.edu/faculty/', 'EMAIL', 'aliu@cs.jhu.edu')
DEBUG:extracted:('https://www.cs.jhu.edu/faculty/', 'EMAIL', 'madooei@jhu.edu')
DEBUG:extracted:('https://www.cs.jhu.edu/faculty/', 'EMAIL', 'madooei@jhu.edu')
DEBUG:extracted:('https://www.cs.jhu.edu/faculty/', 'EMAIL', 'alejandro.martin@jhu.edu')
DEBUG:extracted:('https://www.cs.jhu.edu/faculty/', 'EMAIL', 'alejandro.martin@jhu.edu')
DEBUG:extracted:('https://www.cs.jhu.edu/faculty/', 'EMAIL', 'more@cs.jhu.edu')
DEBUG:extracted:('https://www.cs.jhu.edu/faculty/', 'EMAIL', 'more@cs.jhu.edu')
DEBUG:extracted:('https://www.cs.jhu.edu/faculty/', 'EMAIL', 'nassir.navab@jhu.edu')
DEBUG:extracted:('https://www.cs.jhu.edu/faculty/', 'EMAIL', 'nassir.navab@jhu.edu')
DEBUG:extracted:('https://www.cs.jhu.edu/faculty/', 'EMAIL', 'rubin@jhu.edu')
DEBUG:extracted:('https://www.cs.jhu.edu/faculty/', 'EMAIL', 'rubin@jhu.edu')
DEBUG:extracted:('https://www.cs.jhu.edu/faculty/', 'EMAIL', 'ksabnan2@jhu.edu')
DEBUG:extracted:('https://www.cs.jhu.edu/faculty/', 'EMAIL', 'ksabnan2@jhu.edu')
DEBUG:extracted:('https://www.cs.jhu.edu/faculty/', 'EMAIL', 'salzberg@jhu.edu')
DEBUG:extracted:('https://www.cs.jhu.edu/faculty/', 'EMAIL', 'salzberg@jhu.edu')
DEBUG:extracted:('https://www.cs.jhu.edu/faculty/', 'EMAIL', 'ssaria1@jhu.edu')
DEBUG:extracted:('https://www.cs.jhu.edu/faculty/', 'EMAIL', 'ssaria1@jhu.edu')
DEBUG:extracted:('https://www.cs.jhu.edu/faculty/', 'EMAIL', 'mschatz@jhu.edu')
DEBUG:extracted:('https://www.cs.jhu.edu/faculty/', 'EMAIL', 'mschatz@jhu.edu')
DEBUG:extracted:('https://www.cs.jhu.edu/faculty/', 'EMAIL', 'joanne@cs.jhu.edu')
DEBUG:extracted:('https://www.cs.jhu.edu/faculty/', 'EMAIL', 'joanne@cs.jhu.edu')
DEBUG:extracted:('https://www.cs.jhu.edu/faculty/', 'EMAIL', 'ishpits1@jhu.edu')
DEBUG:extracted:('https://www.cs.jhu.edu/faculty/', 'EMAIL', 'ishpits1@jhu.edu')
DEBUG:extracted:('https://www.cs.jhu.edu/faculty/', 'EMAIL', 'scott@cs.jhu.edu')
DEBUG:extracted:('https://www.cs.jhu.edu/faculty/', 'EMAIL', 'scott@cs.jhu.edu')
DEBUG:extracted:('https://www.cs.jhu.edu/faculty/', 'EMAIL', 'szalay@jhu.edu')
DEBUG:extracted:('https://www.cs.jhu.edu/faculty/', 'EMAIL', 'szalay@jhu.edu')
DEBUG:extracted:('https://www.cs.jhu.edu/faculty/', 'EMAIL', 'rht@jhu.edu')
DEBUG:extracted:('https://www.cs.jhu.edu/faculty/', 'EMAIL', 'rht@jhu.edu')
DEBUG:extracted:('https://www.cs.jhu.edu/faculty/', 'EMAIL', 'mathias@jhu.edu')
DEBUG:extracted:('https://www.cs.jhu.edu/faculty/', 'EMAIL', 'mathias@jhu.edu')
DEBUG:extracted:('https://www.cs.jhu.edu/faculty/', 'EMAIL', 'vandurme@jhu.edu')
DEBUG:extracted:('https://www.cs.jhu.edu/faculty/', 'EMAIL', 'vandurme@jhu.edu')
DEBUG:extracted:('https://www.cs.jhu.edu/faculty/', 'EMAIL', 'ziang.xiao@jhu.edu')
DEBUG:extracted:('https://www.cs.jhu.edu/faculty/', 'EMAIL', 'ziang.xiao@jhu.edu')
DEBUG:extracted:('https://www.cs.jhu.edu/faculty/', 'EMAIL', 'yarowsky@cs.jhu.edu')
DEBUG:extracted:('https://www.cs.jhu.edu/faculty/', 'EMAIL', 'yarowsky@cs.jhu.edu')
DEBUG:extracted:('https://www.cs.jhu.edu/faculty/', 'EMAIL', 'ayuille1@jhu.edu')
DEBUG:extracted:('https://www.cs.jhu.edu/faculty/', 'EMAIL', 'ayuille1@jhu.edu')
DEBUG:extracted:('https://www.cs.jhu.edu/faculty/', 'EMAIL', 'contactus@cs.jhu.edu')
DEBUG:extracted:('https://www.cs.jhu.edu/faculty/', 'EMAIL', 'contactus@cs.jhu.edu')
DEBUG:visited:https://www.cs.jhu.edu/people/cs-affiliates/
DEBUG:extracted:('https://www.cs.jhu.edu/people/cs-affiliates/', 'EMAIL', 'akortyl1@jhu.edu')
DEBUG:extracted:('https://www.cs.jhu.edu/people/cs-affiliates/', 'EMAIL', 'contactus@cs.jhu.edu')
DEBUG:extracted:('https://www.cs.jhu.edu/people/cs-affiliates/', 'EMAIL', 'contactus@cs.jhu.edu')
DEBUG:visited:https://www.cs.jhu.edu/people/administrative-staff/
DEBUG:extracted:('https://www.cs.jhu.edu/people/administrative-staff/', 'PHONE', '410-516-8001')
DEBUG:extracted:('https://www.cs.jhu.edu/people/administrative-staff/', 'PHONE', '410-516-6259')
DEBUG:extracted:('https://www.cs.jhu.edu/people/administrative-staff/', 'PHONE', '410-516-8001')
DEBUG:extracted:('https://www.cs.jhu.edu/people/administrative-staff/', 'PHONE', '410-516-7451')
DEBUG:extracted:('https://www.cs.jhu.edu/people/administrative-staff/', 'PHONE', '410-516-0455')
DEBUG:extracted:('https://www.cs.jhu.edu/people/administrative-staff/', 'PHONE', '410-516-5249')
DEBUG:extracted:('https://www.cs.jhu.edu/people/administrative-staff/', 'PHONE', '410-516-6647')
DEBUG:extracted:('https://www.cs.jhu.edu/people/administrative-staff/', 'PHONE', '410-516-8577')
DEBUG:extracted:('https://www.cs.jhu.edu/people/administrative-staff/', 'PHONE', '410-516-5821')
DEBUG:extracted:('https://www.cs.jhu.edu/people/administrative-staff/', 'PHONE', '410-516-8775')
DEBUG:extracted:('https://www.cs.jhu.edu/people/administrative-staff/', 'PHONE', '410-516-6281')
DEBUG:extracted:('https://www.cs.jhu.edu/people/administrative-staff/', 'PHONE', '410-516-8775')
DEBUG:extracted:('https://www.cs.jhu.edu/people/administrative-staff/', 'PHONE', '410-516-8775')
DEBUG:extracted:('https://www.cs.jhu.edu/people/administrative-staff/', 'PHONE', '410-516-4117')
DEBUG:extracted:('https://www.cs.jhu.edu/people/administrative-staff/', 'PHONE', '410-516-8775')
DEBUG:extracted:('https://www.cs.jhu.edu/people/administrative-staff/', 'PHONE', '410-516-4898')
DEBUG:extracted:('https://www.cs.jhu.edu/people/administrative-staff/', 'PHONE', '410-516-8775')
DEBUG:extracted:('https://www.cs.jhu.edu/people/administrative-staff/', 'EMAIL', 'falvare7@jhu.edu')
DEBUG:extracted:('https://www.cs.jhu.edu/people/administrative-staff/', 'EMAIL', 'falvare7@jhu.edu')
DEBUG:extracted:('https://www.cs.jhu.edu/people/administrative-staff/', 'EMAIL', 'falvare7@jhu.edu')
DEBUG:extracted:('https://www.cs.jhu.edu/people/administrative-staff/', 'EMAIL', 'kculott1@jhu.edu')
DEBUG:extracted:('https://www.cs.jhu.edu/people/administrative-staff/', 'EMAIL', 'kculott1@jhu.edu')
DEBUG:extracted:('https://www.cs.jhu.edu/people/administrative-staff/', 'EMAIL', 'kculott1@jhu.edu')
DEBUG:extracted:('https://www.cs.jhu.edu/people/administrative-staff/', 'EMAIL', 'steve@cs.jhu.edu')
DEBUG:extracted:('https://www.cs.jhu.edu/people/administrative-staff/', 'EMAIL', 'nsupport@cs.jhu.edu')
DEBUG:extracted:('https://www.cs.jhu.edu/people/administrative-staff/', 'EMAIL', 'steve@cs.jhu.edu')
DEBUG:extracted:('https://www.cs.jhu.edu/people/administrative-staff/', 'EMAIL', 'steve@cs.jhu.edu')
DEBUG:extracted:('https://www.cs.jhu.edu/people/administrative-staff/', 'EMAIL', 'tdetall1@jhu.edu')
DEBUG:extracted:('https://www.cs.jhu.edu/people/administrative-staff/', 'EMAIL', 'tdetall1@jhu.edu')
DEBUG:extracted:('https://www.cs.jhu.edu/people/administrative-staff/', 'EMAIL', 'tdetall1@jhu.edu')
DEBUG:extracted:('https://www.cs.jhu.edu/people/administrative-staff/', 'EMAIL', 'ldoan6@jh.edu')
DEBUG:extracted:('https://www.cs.jhu.edu/people/administrative-staff/', 'EMAIL', 'ldoan6@jh.edu')
DEBUG:extracted:('https://www.cs.jhu.edu/people/administrative-staff/', 'EMAIL', 'ldoan6@jh.edu')
DEBUG:extracted:('https://www.cs.jhu.edu/people/administrative-staff/', 'EMAIL', 'kimfranklin@jhu.edu')
DEBUG:extracted:('https://www.cs.jhu.edu/people/administrative-staff/', 'EMAIL', 'kimfranklin@jhu.edu')
DEBUG:extracted:('https://www.cs.jhu.edu/people/administrative-staff/', 'EMAIL', 'kimfranklin@jhu.edu')
DEBUG:extracted:('https://www.cs.jhu.edu/people/administrative-staff/', 'EMAIL', 'afink19@jhu.edu')
DEBUG:extracted:('https://www.cs.jhu.edu/people/administrative-staff/', 'EMAIL', 'afink19@jhu.edu')
DEBUG:extracted:('https://www.cs.jhu.edu/people/administrative-staff/', 'EMAIL', 'afink19@jhu.edu')
DEBUG:extracted:('https://www.cs.jhu.edu/people/administrative-staff/', 'EMAIL', 'phil@cs.jhu.edu')
DEBUG:extracted:('https://www.cs.jhu.edu/people/administrative-staff/', 'EMAIL', 'nsupport@cs.jhu.edu')
DEBUG:extracted:('https://www.cs.jhu.edu/people/administrative-staff/', 'EMAIL', 'phil@cs.jhu.edu')
DEBUG:extracted:('https://www.cs.jhu.edu/people/administrative-staff/', 'EMAIL', 'phil@cs.jhu.edu')
DEBUG:extracted:('https://www.cs.jhu.edu/people/administrative-staff/', 'EMAIL', 'cgraha41@jhu.edu')
DEBUG:extracted:('https://www.cs.jhu.edu/people/administrative-staff/', 'EMAIL', 'cgraha41@jhu.edu')
DEBUG:extracted:('https://www.cs.jhu.edu/people/administrative-staff/', 'EMAIL', 'cgraha41@jhu.edu')
DEBUG:extracted:('https://www.cs.jhu.edu/people/administrative-staff/', 'EMAIL', 'lgraham@jhu.edu')
DEBUG:extracted:('https://www.cs.jhu.edu/people/administrative-staff/', 'EMAIL', 'lgraham@jhu.edu')
DEBUG:extracted:('https://www.cs.jhu.edu/people/administrative-staff/', 'EMAIL', 'lgraham@jhu.edu')
DEBUG:extracted:('https://www.cs.jhu.edu/people/administrative-staff/', 'EMAIL', 'tmarshall@jhu.edu')
DEBUG:extracted:('https://www.cs.jhu.edu/people/administrative-staff/', 'EMAIL', 'tmarshall@jhu.edu')
DEBUG:extracted:('https://www.cs.jhu.edu/people/administrative-staff/', 'EMAIL', 'tmarshall@jhu.edu')
DEBUG:extracted:('https://www.cs.jhu.edu/people/administrative-staff/', 'EMAIL', 'rniles3@jhu.edu')
DEBUG:extracted:('https://www.cs.jhu.edu/people/administrative-staff/', 'EMAIL', 'rniles3@jhu.edu')
DEBUG:extracted:('https://www.cs.jhu.edu/people/administrative-staff/', 'EMAIL', 'rniles3@jhu.edu')
DEBUG:extracted:('https://www.cs.jhu.edu/people/administrative-staff/', 'EMAIL', 'steve410@cs.jhu.edu')
DEBUG:extracted:('https://www.cs.jhu.edu/people/administrative-staff/', 'EMAIL', 'nsupport@cs.jhu.edu')
DEBUG:extracted:('https://www.cs.jhu.edu/people/administrative-staff/', 'EMAIL', 'steve410@cs.jhu.edu')
DEBUG:extracted:('https://www.cs.jhu.edu/people/administrative-staff/', 'EMAIL', 'steve410@cs.jhu.edu')
DEBUG:extracted:('https://www.cs.jhu.edu/people/administrative-staff/', 'EMAIL', 'kruth6@jhu.edu')
DEBUG:extracted:('https://www.cs.jhu.edu/people/administrative-staff/', 'EMAIL', 'kruth6@jhu.edu')
DEBUG:extracted:('https://www.cs.jhu.edu/people/administrative-staff/', 'EMAIL', 'kruth6@jhu.edu')
DEBUG:extracted:('https://www.cs.jhu.edu/people/administrative-staff/', 'EMAIL', 'cryan37@jhu.edu')
DEBUG:extracted:('https://www.cs.jhu.edu/people/administrative-staff/', 'EMAIL', 'cryan37@jhu.edu')
DEBUG:extracted:('https://www.cs.jhu.edu/people/administrative-staff/', 'EMAIL', 'cryan37@jhu.edu')
DEBUG:extracted:('https://www.cs.jhu.edu/people/administrative-staff/', 'EMAIL', 'joanne@cs.jhu.edu')
DEBUG:extracted:('https://www.cs.jhu.edu/people/administrative-staff/', 'EMAIL', 'joanne@cs.jhu.edu')
DEBUG:extracted:('https://www.cs.jhu.edu/people/administrative-staff/', 'EMAIL', 'joanne@cs.jhu.edu')
DEBUG:extracted:('https://www.cs.jhu.edu/people/administrative-staff/', 'EMAIL', 'strevin3@jh.edu')
DEBUG:extracted:('https://www.cs.jhu.edu/people/administrative-staff/', 'EMAIL', 'strevin3@jh.edu')
DEBUG:extracted:('https://www.cs.jhu.edu/people/administrative-staff/', 'EMAIL', 'strevin3@jh.edu')
DEBUG:extracted:('https://www.cs.jhu.edu/people/administrative-staff/', 'EMAIL', 'cvenghaus@jhu.edu')
DEBUG:extracted:('https://www.cs.jhu.edu/people/administrative-staff/', 'EMAIL', 'nsupport@cs.jhu.edu')
DEBUG:extracted:('https://www.cs.jhu.edu/people/administrative-staff/', 'EMAIL', 'cvenghaus@jhu.edu')
DEBUG:extracted:('https://www.cs.jhu.edu/people/administrative-staff/', 'EMAIL', 'cvenghaus@jhu.edu')
DEBUG:extracted:('https://www.cs.jhu.edu/people/administrative-staff/', 'EMAIL', 'mwade12@jhu.edu')
DEBUG:extracted:('https://www.cs.jhu.edu/people/administrative-staff/', 'EMAIL', 'mwade12@jhu.edu')
DEBUG:extracted:('https://www.cs.jhu.edu/people/administrative-staff/', 'EMAIL', 'mwade12@jhu.edu')
DEBUG:extracted:('https://www.cs.jhu.edu/people/administrative-staff/', 'EMAIL', 'contactus@cs.jhu.edu')
DEBUG:extracted:('https://www.cs.jhu.edu/people/administrative-staff/', 'EMAIL', 'contactus@cs.jhu.edu')
DEBUG:visited:https://www.cs.jhu.edu/people/phd-students/
DEBUG:extracted:('https://www.cs.jhu.edu/people/phd-students/', 'EMAIL', 'sabdous1@jh.edu')
DEBUG:extracted:('https://www.cs.jhu.edu/people/phd-students/', 'EMAIL', 'sabdous1@jh.edu')
DEBUG:extracted:('https://www.cs.jhu.edu/people/phd-students/', 'EMAIL', 'caguirr4@jhu.edu')
DEBUG:extracted:('https://www.cs.jhu.edu/people/phd-students/', 'EMAIL', 'caguirr4@jhu.edu')
DEBUG:extracted:('https://www.cs.jhu.edu/people/phd-students/', 'EMAIL', 'aalmogb1@jhu.edu')
DEBUG:extracted:('https://www.cs.jhu.edu/people/phd-students/', 'EMAIL', 'aalmogb1@jhu.edu')
DEBUG:extracted:('https://www.cs.jhu.edu/people/phd-students/', 'EMAIL', 'jbai12@jhu.edu')
DEBUG:extracted:('https://www.cs.jhu.edu/people/phd-students/', 'EMAIL', 'jbai12@jhu.edu')
DEBUG:extracted:('https://www.cs.jhu.edu/people/phd-students/', 'EMAIL', 'becgabri@jhu.edu')
DEBUG:extracted:('https://www.cs.jhu.edu/people/phd-students/', 'EMAIL', 'becgabri@jhu.edu')
DEBUG:extracted:('https://www.cs.jhu.edu/people/phd-students/', 'EMAIL', 'ablairs1@jhu.edu')
DEBUG:extracted:('https://www.cs.jhu.edu/people/phd-students/', 'EMAIL', 'ablairs1@jhu.edu')
DEBUG:extracted:('https://www.cs.jhu.edu/people/phd-students/', 'EMAIL', 'sahiti@jhu.edu')
DEBUG:extracted:('https://www.cs.jhu.edu/people/phd-students/', 'EMAIL', 'sahiti@jhu.edu')
DEBUG:extracted:('https://www.cs.jhu.edu/people/phd-students/', 'EMAIL', 'icachola@cs.jhu.edu')
DEBUG:extracted:('https://www.cs.jhu.edu/people/phd-students/', 'EMAIL', 'icachola@cs.jhu.edu')
DEBUG:extracted:('https://www.cs.jhu.edu/people/phd-students/', 'EMAIL', 'kchao10@jhu.edu')
DEBUG:extracted:('https://www.cs.jhu.edu/people/phd-students/', 'EMAIL', 'kchao10@jhu.edu')
DEBUG:extracted:('https://www.cs.jhu.edu/people/phd-students/', 'EMAIL', 'achatto1@jhu.edu')
DEBUG:extracted:('https://www.cs.jhu.edu/people/phd-students/', 'EMAIL', 'achatto1@jhu.edu')
DEBUG:extracted:('https://www.cs.jhu.edu/people/phd-students/', 'EMAIL', 'hchen135@jhu.edu')
DEBUG:extracted:('https://www.cs.jhu.edu/people/phd-students/', 'EMAIL', 'hchen135@jhu.edu')
DEBUG:extracted:('https://www.cs.jhu.edu/people/phd-students/', 'EMAIL', 'arun.das@jhu.edu')
DEBUG:extracted:('https://www.cs.jhu.edu/people/phd-students/', 'EMAIL', 'arun.das@jhu.edu')
DEBUG:extracted:('https://www.cs.jhu.edu/people/phd-students/', 'EMAIL', 'aadelucia@jhu.edu')
DEBUG:extracted:('https://www.cs.jhu.edu/people/phd-students/', 'EMAIL', 'aadelucia@jhu.edu')
DEBUG:extracted:('https://www.cs.jhu.edu/people/phd-students/', 'EMAIL', 'aadelucia@jhu.edu')
DEBUG:extracted:('https://www.cs.jhu.edu/people/phd-students/', 'EMAIL', 'tding@jhu.edu')
DEBUG:extracted:('https://www.cs.jhu.edu/people/phd-students/', 'EMAIL', 'tding@jhu.edu')
DEBUG:extracted:('https://www.cs.jhu.edu/people/phd-students/', 'EMAIL', 'tding@jhu.edu')
DEBUG:extracted:('https://www.cs.jhu.edu/people/phd-students/', 'EMAIL', 'yuxiang.gao@jhu.edu')
DEBUG:extracted:('https://www.cs.jhu.edu/people/phd-students/', 'EMAIL', 'yuxiang.gao@jhu.edu')
DEBUG:extracted:('https://www.cs.jhu.edu/people/phd-students/', 'EMAIL', 'sgheiss1@jh.edu.com')
DEBUG:extracted:('https://www.cs.jhu.edu/people/phd-students/', 'EMAIL', 'sgheiss1@jh.edu.com')
DEBUG:extracted:('https://www.cs.jhu.edu/people/phd-students/', 'EMAIL', 'pguo4@jhu.edu')
DEBUG:extracted:('https://www.cs.jhu.edu/people/phd-students/', 'EMAIL', 'pguo4@jhu.edu')
DEBUG:extracted:('https://www.cs.jhu.edu/people/phd-students/', 'EMAIL', 'pguo4@jhu.edu')
DEBUG:extracted:('https://www.cs.jhu.edu/people/phd-students/', 'EMAIL', 'kharrigian@jhu.edu')
DEBUG:extracted:('https://www.cs.jhu.edu/people/phd-students/', 'EMAIL', 'kharrigian@jhu.edu')
DEBUG:extracted:('https://www.cs.jhu.edu/people/phd-students/', 'EMAIL', 'ahedge3@jhu.edu')
DEBUG:extracted:('https://www.cs.jhu.edu/people/phd-students/', 'EMAIL', 'ahedge3@jhu.edu')
DEBUG:extracted:('https://www.cs.jhu.edu/people/phd-students/', 'EMAIL', 'ruizhe@jhu.edu')
DEBUG:extracted:('https://www.cs.jhu.edu/people/phd-students/', 'EMAIL', 'ruizhe@jhu.edu')
DEBUG:extracted:('https://www.cs.jhu.edu/people/phd-students/', 'EMAIL', 'hishida3@jhu.edu')
DEBUG:extracted:('https://www.cs.jhu.edu/people/phd-students/', 'EMAIL', 'hishida3@jhu.edu')
DEBUG:extracted:('https://www.cs.jhu.edu/people/phd-students/', 'EMAIL', 'pkaushi1@jh.edu')
DEBUG:extracted:('https://www.cs.jhu.edu/people/phd-students/', 'EMAIL', 'pkaushi1@jh.edu')
DEBUG:extracted:('https://www.cs.jhu.edu/people/phd-students/', 'EMAIL', 'killeen@jhu.edu')
DEBUG:extracted:('https://www.cs.jhu.edu/people/phd-students/', 'EMAIL', 'killeen@jhu.edu')
DEBUG:extracted:('https://www.cs.jhu.edu/people/phd-students/', 'EMAIL', 'dkim214@jhu.edu')
DEBUG:extracted:('https://www.cs.jhu.edu/people/phd-students/', 'EMAIL', 'dkim214@jhu.edu')
DEBUG:extracted:('https://www.cs.jhu.edu/people/phd-students/', 'EMAIL', 'aprilkim@jhu.edu')
DEBUG:extracted:('https://www.cs.jhu.edu/people/phd-students/', 'EMAIL', 'aprilkim@jhu.edu')
DEBUG:extracted:('https://www.cs.jhu.edu/people/phd-students/', 'EMAIL', 'kinfu@jhu.edu')
DEBUG:extracted:('https://www.cs.jhu.edu/people/phd-students/', 'EMAIL', 'kinfu@jhu.edu')
DEBUG:extracted:('https://www.cs.jhu.edu/people/phd-students/', 'EMAIL', 'kinfu@jhu.edu')
DEBUG:extracted:('https://www.cs.jhu.edu/people/phd-students/', 'EMAIL', 'mkirsche@jhu.edu')
DEBUG:extracted:('https://www.cs.jhu.edu/people/phd-students/', 'EMAIL', 'mkirsche@jhu.edu')
DEBUG:extracted:('https://www.cs.jhu.edu/people/phd-students/', 'EMAIL', 'singchun.lee@jhu.edu')
DEBUG:extracted:('https://www.cs.jhu.edu/people/phd-students/', 'EMAIL', 'singchun.lee@jhu.edu')
DEBUG:extracted:('https://www.cs.jhu.edu/people/phd-students/', 'EMAIL', 'zli122@jhu.edu')
DEBUG:extracted:('https://www.cs.jhu.edu/people/phd-students/', 'EMAIL', 'zli122@jhu.edu')
DEBUG:extracted:('https://www.cs.jhu.edu/people/phd-students/', 'EMAIL', 'maxwell.li@jhu.edu')
DEBUG:extracted:('https://www.cs.jhu.edu/people/phd-students/', 'EMAIL', 'maxwell.li@jhu.edu')
DEBUG:extracted:('https://www.cs.jhu.edu/people/phd-students/', 'EMAIL', 'zli110@jhu.edu')
DEBUG:extracted:('https://www.cs.jhu.edu/people/phd-students/', 'EMAIL', 'zli110@jhu.edu')
DEBUG:extracted:('https://www.cs.jhu.edu/people/phd-students/', 'EMAIL', 'kmarchi1@jhu.edu')
DEBUG:extracted:('https://www.cs.jhu.edu/people/phd-students/', 'EMAIL', 'kmarchi1@jhu.edu')
DEBUG:extracted:('https://www.cs.jhu.edu/people/phd-students/', 'EMAIL', 'meijieru@gmail.com')
DEBUG:extracted:('https://www.cs.jhu.edu/people/phd-students/', 'EMAIL', 'meijieru@gmail.com')
DEBUG:extracted:('https://www.cs.jhu.edu/people/phd-students/', 'EMAIL', 'amishr24@jh.edu')
DEBUG:extracted:('https://www.cs.jhu.edu/people/phd-students/', 'EMAIL', 'amishr24@jh.edu')
DEBUG:extracted:('https://www.cs.jhu.edu/people/phd-students/', 'EMAIL', 'dam@jhu.edu')
DEBUG:extracted:('https://www.cs.jhu.edu/people/phd-students/', 'EMAIL', 'dam@jhu.edu')
DEBUG:extracted:('https://www.cs.jhu.edu/people/phd-students/', 'EMAIL', 'ramcha1994@gmail.com')
DEBUG:extracted:('https://www.cs.jhu.edu/people/phd-students/', 'EMAIL', 'ramcha1994@gmail.com')
DEBUG:extracted:('https://www.cs.jhu.edu/people/phd-students/', 'EMAIL', 'jasonblues1996@gmail.com')
DEBUG:extracted:('https://www.cs.jhu.edu/people/phd-students/', 'EMAIL', 'jasonblues1996@gmail.com')
DEBUG:extracted:('https://www.cs.jhu.edu/people/phd-students/', 'EMAIL', 'ambar@jhu.edu')
DEBUG:extracted:('https://www.cs.jhu.edu/people/phd-students/', 'EMAIL', 'ambar@jhu.edu')
DEBUG:extracted:('https://www.cs.jhu.edu/people/phd-students/', 'EMAIL', 'kpineda3@jhu.edu')
DEBUG:extracted:('https://www.cs.jhu.edu/people/phd-students/', 'EMAIL', 'kpineda3@jhu.edu')
DEBUG:extracted:('https://www.cs.jhu.edu/people/phd-students/', 'EMAIL', 'gwightman@jhu.edu')
DEBUG:extracted:('https://www.cs.jhu.edu/people/phd-students/', 'EMAIL', 'gwightman@jhu.edu')
DEBUG:extracted:('https://www.cs.jhu.edu/people/phd-students/', 'EMAIL', 'draj@cs.jhu.edu')
DEBUG:extracted:('https://www.cs.jhu.edu/people/phd-students/', 'EMAIL', 'draj@cs.jhu.edu')
DEBUG:extracted:('https://www.cs.jhu.edu/people/phd-students/', 'EMAIL', 'samuel.remedios@jhu.edu')
DEBUG:extracted:('https://www.cs.jhu.edu/people/phd-students/', 'EMAIL', 'samuel.remedios@jhu.edu')
DEBUG:extracted:('https://www.cs.jhu.edu/people/phd-students/', 'EMAIL', 'samuel.remedios@jhu.edu')
DEBUG:extracted:('https://www.cs.jhu.edu/people/phd-students/', 'EMAIL', 'aroy28@jhu.edu')
DEBUG:extracted:('https://www.cs.jhu.edu/people/phd-students/', 'EMAIL', 'aroy28@jhu.edu')
DEBUG:extracted:('https://www.cs.jhu.edu/people/phd-students/', 'EMAIL', 'esalesky@jhu.edu')
DEBUG:extracted:('https://www.cs.jhu.edu/people/phd-students/', 'EMAIL', 'esalesky@jhu.edu')
DEBUG:extracted:('https://www.cs.jhu.edu/people/phd-students/', 'EMAIL', 'ksande25@jhu.edu')
DEBUG:extracted:('https://www.cs.jhu.edu/people/phd-students/', 'EMAIL', 'ksande25@jhu.edu')
DEBUG:extracted:('https://www.cs.jhu.edu/people/phd-students/', 'EMAIL', 'ashah95@jhu.edu')
DEBUG:extracted:('https://www.cs.jhu.edu/people/phd-students/', 'EMAIL', 'ashah95@jhu.edu')
DEBUG:extracted:('https://www.cs.jhu.edu/people/phd-students/', 'EMAIL', 'e.sharafzadeh@jhu.edu')
DEBUG:extracted:('https://www.cs.jhu.edu/people/phd-students/', 'EMAIL', 'e.sharafzadeh@jhu.edu')
DEBUG:extracted:('https://www.cs.jhu.edu/people/phd-students/', 'EMAIL', 'elias@jhu.edu')
DEBUG:extracted:('https://www.cs.jhu.edu/people/phd-students/', 'EMAIL', 'elias@jhu.edu')
DEBUG:extracted:('https://www.cs.jhu.edu/people/phd-students/', 'EMAIL', 'hsong37@jhu.edu')
DEBUG:extracted:('https://www.cs.jhu.edu/people/phd-students/', 'EMAIL', 'hsong37@jhu.edu')
DEBUG:extracted:('https://www.cs.jhu.edu/people/phd-students/', 'EMAIL', 'hsouri1@jhu.edu')
DEBUG:extracted:('https://www.cs.jhu.edu/people/phd-students/', 'EMAIL', 'hsouri1@jhu.edu')
DEBUG:extracted:('https://www.cs.jhu.edu/people/phd-students/', 'EMAIL', 'dbthaker@jhu.edu')
DEBUG:extracted:('https://www.cs.jhu.edu/people/phd-students/', 'EMAIL', 'dbthaker@jhu.edu')
DEBUG:extracted:('https://www.cs.jhu.edu/people/phd-students/', 'EMAIL', 'prasad@jhu.edu')
DEBUG:extracted:('https://www.cs.jhu.edu/people/phd-students/', 'EMAIL', 'prasad@jhu.edu')
DEBUG:extracted:('https://www.cs.jhu.edu/people/phd-students/', 'EMAIL', 'tim.f.vieira@gmail.com')
DEBUG:extracted:('https://www.cs.jhu.edu/people/phd-students/', 'EMAIL', 'tim.f.vieira@gmail.com')
DEBUG:extracted:('https://www.cs.jhu.edu/people/phd-students/', 'EMAIL', 'ywang509@jhu.edu')
DEBUG:extracted:('https://www.cs.jhu.edu/people/phd-students/', 'EMAIL', 'ywang509@jhu.edu')
DEBUG:extracted:('https://www.cs.jhu.edu/people/phd-students/', 'EMAIL', 'awatki29@jh.edu')
DEBUG:extracted:('https://www.cs.jhu.edu/people/phd-students/', 'EMAIL', 'awatki29@jh.edu')
DEBUG:extracted:('https://www.cs.jhu.edu/people/phd-students/', 'EMAIL', 'cwei9@jhu.edu')
DEBUG:extracted:('https://www.cs.jhu.edu/people/phd-students/', 'EMAIL', 'cwei9@jhu.edu')
DEBUG:extracted:('https://www.cs.jhu.edu/people/phd-students/', 'EMAIL', 'nweir3@jhu.edu')
DEBUG:extracted:('https://www.cs.jhu.edu/people/phd-students/', 'EMAIL', 'nweir3@jhu.edu')
DEBUG:extracted:('https://www.cs.jhu.edu/people/phd-students/', 'EMAIL', 'oweller2@jh.edu')
DEBUG:extracted:('https://www.cs.jhu.edu/people/phd-students/', 'EMAIL', 'oweller2@jh.edu')
DEBUG:extracted:('https://www.cs.jhu.edu/people/phd-students/', 'EMAIL', 'oweller2@jh.edu')
DEBUG:extracted:('https://www.cs.jhu.edu/people/phd-students/', 'EMAIL', 'wengshiwei@jhu.edu')
DEBUG:extracted:('https://www.cs.jhu.edu/people/phd-students/', 'EMAIL', 'wengshiwei@jhu.edu')
DEBUG:extracted:('https://www.cs.jhu.edu/people/phd-students/', 'EMAIL', 'wheatman@cs.jhu.edu')
DEBUG:extracted:('https://www.cs.jhu.edu/people/phd-students/', 'EMAIL', 'wheatman@cs.jhu.edu')
DEBUG:extracted:('https://www.cs.jhu.edu/people/phd-students/', 'EMAIL', 'uuujingfeng@gmail.com')
DEBUG:extracted:('https://www.cs.jhu.edu/people/phd-students/', 'EMAIL', 'uuujingfeng@gmail.com')
DEBUG:extracted:('https://www.cs.jhu.edu/people/phd-students/', 'EMAIL', 'zxiao10@jhu.edu')
DEBUG:extracted:('https://www.cs.jhu.edu/people/phd-students/', 'EMAIL', 'zxiao10@jhu.edu')
DEBUG:extracted:('https://www.cs.jhu.edu/people/phd-students/', 'EMAIL', 'hxu64@jhu.edu')
DEBUG:extracted:('https://www.cs.jhu.edu/people/phd-students/', 'EMAIL', 'hxu64@jhu.edu')
DEBUG:extracted:('https://www.cs.jhu.edu/people/phd-students/', 'EMAIL', 'f.yousefi@jhu.edu')
DEBUG:extracted:('https://www.cs.jhu.edu/people/phd-students/', 'EMAIL', 'f.yousefi@jhu.edu')
DEBUG:extracted:('https://www.cs.jhu.edu/people/phd-students/', 'EMAIL', 'jyu122@jhu.edu')
DEBUG:extracted:('https://www.cs.jhu.edu/people/phd-students/', 'EMAIL', 'jyu122@jhu.edu')
DEBUG:extracted:('https://www.cs.jhu.edu/people/phd-students/', 'EMAIL', 'zyu39@jhu.edu')
DEBUG:extracted:('https://www.cs.jhu.edu/people/phd-students/', 'EMAIL', 'zyu39@jhu.edu')
DEBUG:extracted:('https://www.cs.jhu.edu/people/phd-students/', 'EMAIL', 'qyu13@jhu.edu')
DEBUG:extracted:('https://www.cs.jhu.edu/people/phd-students/', 'EMAIL', 'qyu13@jhu.edu')
DEBUG:extracted:('https://www.cs.jhu.edu/people/phd-students/', 'EMAIL', 'hyuan4@jhu.edu')
DEBUG:extracted:('https://www.cs.jhu.edu/people/phd-students/', 'EMAIL', 'hyuan4@jhu.edu')
DEBUG:extracted:('https://www.cs.jhu.edu/people/phd-students/', 'EMAIL', 'slzarate@jhu.edu')
DEBUG:extracted:('https://www.cs.jhu.edu/people/phd-students/', 'EMAIL', 'xuanzhang@jhu.edu')
DEBUG:extracted:('https://www.cs.jhu.edu/people/phd-students/', 'EMAIL', 'xuanzhang@jhu.edu')
DEBUG:extracted:('https://www.cs.jhu.edu/people/phd-students/', 'EMAIL', 'yzhan334@jhu.edu')
DEBUG:extracted:('https://www.cs.jhu.edu/people/phd-students/', 'EMAIL', 'yzhan334@jhu.edu')
DEBUG:extracted:('https://www.cs.jhu.edu/people/phd-students/', 'EMAIL', 'hzhu@jhu.edu')
DEBUG:extracted:('https://www.cs.jhu.edu/people/phd-students/', 'EMAIL', 'hzhu@jhu.edu')
DEBUG:extracted:('https://www.cs.jhu.edu/people/phd-students/', 'EMAIL', 'zinkus@cs.jhu.edu')
DEBUG:extracted:('https://www.cs.jhu.edu/people/phd-students/', 'EMAIL', 'zinkus@cs.jhu.edu')
DEBUG:extracted:('https://www.cs.jhu.edu/people/phd-students/', 'EMAIL', 'contactus@cs.jhu.edu')
DEBUG:extracted:('https://www.cs.jhu.edu/people/phd-students/', 'EMAIL', 'contactus@cs.jhu.edu')
